d:\game202 - object oriented programming\game202 - labs\lab7\platformer\platformer\debug\vc141.pdb
d:\game202 - object oriented programming\game202 - labs\lab7\platformer\platformer\debug\vc141.idb
d:\game202 - object oriented programming\game202 - labs\lab7\platformer\platformer\debug\render.obj
d:\game202 - object oriented programming\game202 - labs\lab7\platformer\platformer\debug\init.obj
d:\game202 - object oriented programming\game202 - labs\lab7\platformer\platformer\debug\loop.obj
d:\game202 - object oriented programming\game202 - labs\lab7\platformer\platformer\debug\event.obj
d:\game202 - object oriented programming\game202 - labs\lab7\platformer\platformer\debug\game.obj
d:\game202 - object oriented programming\game202 - labs\lab7\platformer\platformer\debug\character.obj
d:\game202 - object oriented programming\game202 - labs\lab7\platformer\platformer\debug\cleanup.obj
d:\game202 - object oriented programming\game202 - labs\lab7\platformer\platformer\debug\level.obj
d:\game202 - object oriented programming\game202 - labs\lab7\platformer\debug\platformer.exe
d:\game202 - object oriented programming\game202 - labs\lab7\platformer\debug\platformer.ilk
d:\game202 - object oriented programming\game202 - labs\lab7\platformer\debug\platformer.pdb
d:\game202 - object oriented programming\game202 - labs\lab7\platformer\platformer\debug\nativecodeanalysis.read.1.tlog
d:\game202 - object oriented programming\game202 - labs\lab7\platformer\platformer\debug\character.nativecodeanalysis.xml
d:\game202 - object oriented programming\game202 - labs\lab7\platformer\platformer\debug\cleanup.nativecodeanalysis.xml
d:\game202 - object oriented programming\game202 - labs\lab7\platformer\platformer\debug\event.nativecodeanalysis.xml
d:\game202 - object oriented programming\game202 - labs\lab7\platformer\platformer\debug\game.nativecodeanalysis.xml
d:\game202 - object oriented programming\game202 - labs\lab7\platformer\platformer\debug\init.nativecodeanalysis.xml
d:\game202 - object oriented programming\game202 - labs\lab7\platformer\platformer\debug\level.nativecodeanalysis.xml
d:\game202 - object oriented programming\game202 - labs\lab7\platformer\platformer\debug\loop.nativecodeanalysis.xml
d:\game202 - object oriented programming\game202 - labs\lab7\platformer\platformer\debug\render.nativecodeanalysis.xml
d:\game202 - object oriented programming\game202 - labs\lab7\platformer\platformer\debug\vc.nativecodeanalysis.all.xml
d:\game202 - object oriented programming\game202 - labs\lab7\platformer\debug\platformer.exe.lastcodeanalysissucceeded
d:\game202 - object oriented programming\game202 - labs\lab7\platformer\platformer\debug\platformer.tlog\cl.command.1.tlog
d:\game202 - object oriented programming\game202 - labs\lab7\platformer\platformer\debug\platformer.tlog\cl.read.1.tlog
d:\game202 - object oriented programming\game202 - labs\lab7\platformer\platformer\debug\platformer.tlog\cl.write.1.tlog
d:\game202 - object oriented programming\game202 - labs\lab7\platformer\platformer\debug\platformer.tlog\link.command.1.tlog
d:\game202 - object oriented programming\game202 - labs\lab7\platformer\platformer\debug\platformer.tlog\link.read.1.tlog
d:\game202 - object oriented programming\game202 - labs\lab7\platformer\platformer\debug\platformer.tlog\link.write.1.tlog
